<?xml version="1.0" encoding="UTF-8"?>
<testng-results ignored="0" total="1" passed="1" failed="0" skipped="0">
  <reporter-output>
  </reporter-output>
  <suite started-at="2021-08-30T17:46:27 IST" name="Default suite" finished-at="2021-08-30T17:46:49 IST" duration-ms="21957">
    <groups>
    </groups>
    <test started-at="2021-08-30T17:46:27 IST" name="Default test" finished-at="2021-08-30T17:46:49 IST" duration-ms="21957">
      <class name="com.qa.testcases.UsersTest">
        <test-method is-config="true" signature="setUp()[pri:0, instance:com.qa.testcases.UsersTest@10e41621]" started-at="2021-08-30T17:46:27 IST" name="setUp" finished-at="2021-08-30T17:46:47 IST" duration-ms="20460" status="PASS">
          <reporter-output>
          </reporter-output>
        </test-method> <!-- setUp -->
        <test-method signature="click()[pri:0, instance:com.qa.testcases.UsersTest@10e41621]" started-at="2021-08-30T17:46:47 IST" name="click" finished-at="2021-08-30T17:46:49 IST" duration-ms="1407" status="PASS">
          <reporter-output>
          </reporter-output>
        </test-method> <!-- click -->
        <test-method is-config="true" signature="f()[pri:0, instance:com.qa.testcases.UsersTest@10e41621]" started-at="2021-08-30T17:46:49 IST" name="f" finished-at="2021-08-30T17:46:49 IST" duration-ms="0" status="PASS">
          <reporter-output>
          </reporter-output>
        </test-method> <!-- f -->
      </class> <!-- com.qa.testcases.UsersTest -->
    </test> <!-- Default test -->
  </suite> <!-- Default suite -->
</testng-results>
